{
  "stats": {
    "suites": 1,
    "tests": 1,
    "passes": 1,
    "pending": 0,
    "failures": 0,
    "start": "2023-07-31T13:39:53.641Z",
    "end": "2023-07-31T13:39:57.818Z",
    "duration": 4177,
    "testsRegistered": 1,
    "passPercent": 100,
    "pendingPercent": 0,
    "other": 0,
    "hasOther": false,
    "skipped": 0,
    "hasSkipped": false
  },
  "results": [
    {
      "uuid": "aa9cfd9c-3a3c-4112-8e9c-22ee5351a6b2",
      "title": "",
      "fullFile": "cypress\\e2e\\login.cy.js",
      "file": "cypress\\e2e\\login.cy.js",
      "beforeHooks": [],
      "afterHooks": [],
      "tests": [],
      "suites": [
        {
          "uuid": "6a208f99-fc98-4853-b869-b781025a27f6",
          "title": "Página de cadastro",
          "fullFile": "",
          "file": "",
          "beforeHooks": [],
          "afterHooks": [],
          "tests": [
            {
              "title": "Preencher os campos do login correntamente para realizar login",
              "fullTitle": "Página de cadastro Preencher os campos do login correntamente para realizar login",
              "timedOut": null,
              "duration": 2218,
              "state": "passed",
              "speed": "fast",
              "pass": true,
              "fail": false,
              "pending": false,
              "context": null,
              "code": "cy.visit('https://3076-cypress-alurapic-front.vercel.app/#/home');\ncy.get('[data-test=\"loginUserName\"]').type('guicavaco');\ncy.get('[data-test=\"loginPassword\"]').type('32435313');\ncy.contains('button', 'login').click();",
              "err": {},
              "uuid": "65fe6e5e-0cb5-4373-baa7-9845a7db3be4",
              "parentUUID": "6a208f99-fc98-4853-b869-b781025a27f6",
              "isHook": false,
              "skipped": false
            }
          ],
          "suites": [],
          "passes": [
            "65fe6e5e-0cb5-4373-baa7-9845a7db3be4"
          ],
          "failures": [],
          "pending": [],
          "skipped": [],
          "duration": 2218,
          "root": false,
          "rootEmpty": false,
          "_timeout": 2000
        }
      ],
      "passes": [],
      "failures": [],
      "pending": [],
      "skipped": [],
      "duration": 0,
      "root": true,
      "rootEmpty": true,
      "_timeout": 2000
    }
  ],
  "meta": {
    "mocha": {
      "version": "7.0.1"
    },
    "mochawesome": {
      "options": {
        "quiet": false,
        "reportFilename": "mochawesome",
        "saveHtml": true,
        "saveJson": true,
        "consoleReporter": "spec",
        "useInlineDiffs": false,
        "code": true
      },
      "version": "7.1.3"
    },
    "marge": {
      "options": null,
      "version": "6.2.0"
    }
  }
}